2025-10-20 21:50:42.444 INFO  [background-preinit] o.h.validator.internal.util.Version - HV000001: Hibernate Validator 8.0.3.Final
2025-10-20 21:50:42.601 INFO  [main] com.etikos.user.UserApplication - Starting UserApplication using Java 25 with PID 15084 (D:\ETIKOS\backend\microservices\user\target\classes started by lcres in D:\ETIKOS\backend\microservices)
2025-10-20 21:50:42.603 INFO  [main] com.etikos.user.UserApplication - No active profile set, falling back to 1 default profile: "default"
2025-10-20 21:50:47.737 WARN  [main] o.s.b.w.s.c.AnnotationConfigServletWebServerApplicationContext - Exception encountered during context initialization - cancelling refresh attempt: org.springframework.beans.factory.BeanCreationException: Error creating bean with name 'firebaseConfig': Invocation of init method failed
2025-10-20 21:51:42.040 INFO  [background-preinit] o.h.validator.internal.util.Version - HV000001: Hibernate Validator 8.0.3.Final
2025-10-20 21:51:42.094 INFO  [main] com.etikos.user.UserApplication - Starting UserApplication using Java 25 with PID 29936 (D:\ETIKOS\backend\microservices\user\target\classes started by lcres in D:\ETIKOS\backend\microservices)
2025-10-20 21:51:42.095 INFO  [main] com.etikos.user.UserApplication - No active profile set, falling back to 1 default profile: "default"
2025-10-20 21:51:43.508 WARN  [main] o.s.b.w.s.c.AnnotationConfigServletWebServerApplicationContext - Exception encountered during context initialization - cancelling refresh attempt: org.springframework.beans.factory.BeanCreationException: Error creating bean with name 'firebaseConfig': Invocation of init method failed
2025-10-20 21:51:43.535 ERROR [main] o.s.boot.SpringApplication - Application run failed
org.springframework.beans.factory.BeanCreationException: Error creating bean with name 'firebaseConfig': Invocation of init method failed
	at org.springframework.beans.factory.annotation.InitDestroyAnnotationBeanPostProcessor.postProcessBeforeInitialization(InitDestroyAnnotationBeanPostProcessor.java:222)
	at org.springframework.beans.factory.support.AbstractAutowireCapableBeanFactory.applyBeanPostProcessorsBeforeInitialization(AbstractAutowireCapableBeanFactory.java:429)
	at org.springframework.beans.factory.support.AbstractAutowireCapableBeanFactory.initializeBean(AbstractAutowireCapableBeanFactory.java:1818)
	at org.springframework.beans.factory.support.AbstractAutowireCapableBeanFactory.doCreateBean(AbstractAutowireCapableBeanFactory.java:607)
	at org.springframework.beans.factory.support.AbstractAutowireCapableBeanFactory.createBean(AbstractAutowireCapableBeanFactory.java:529)
	at org.springframework.beans.factory.support.AbstractBeanFactory.lambda$doGetBean$0(AbstractBeanFactory.java:339)
	at org.springframework.beans.factory.support.DefaultSingletonBeanRegistry.getSingleton(DefaultSingletonBeanRegistry.java:373)
	at org.springframework.beans.factory.support.AbstractBeanFactory.doGetBean(AbstractBeanFactory.java:337)
	at org.springframework.beans.factory.support.AbstractBeanFactory.getBean(AbstractBeanFactory.java:202)
	at org.springframework.beans.factory.support.DefaultListableBeanFactory.instantiateSingleton(DefaultListableBeanFactory.java:1221)
	at org.springframework.beans.factory.support.DefaultListableBeanFactory.preInstantiateSingleton(DefaultListableBeanFactory.java:1187)
	at org.springframework.beans.factory.support.DefaultListableBeanFactory.preInstantiateSingletons(DefaultListableBeanFactory.java:1123)
	at org.springframework.context.support.AbstractApplicationContext.finishBeanFactoryInitialization(AbstractApplicationContext.java:987)
	at org.springframework.context.support.AbstractApplicationContext.refresh(AbstractApplicationContext.java:627)
	at org.springframework.boot.web.servlet.context.ServletWebServerApplicationContext.refresh(ServletWebServerApplicationContext.java:146)
	at org.springframework.boot.SpringApplication.refresh(SpringApplication.java:752)
	at org.springframework.boot.SpringApplication.refreshContext(SpringApplication.java:439)
	at org.springframework.boot.SpringApplication.run(SpringApplication.java:318)
	at org.springframework.boot.SpringApplication.run(SpringApplication.java:1361)
	at org.springframework.boot.SpringApplication.run(SpringApplication.java:1350)
	at com.etikos.user.UserApplication.main(UserApplication.java:10)
Caused by: java.io.IOException: Firebase service account file not found
	at com.etikos.user.config.FirebaseConfig.initialize(FirebaseConfig.java:31)
	at java.base/jdk.internal.reflect.DirectMethodHandleAccessor.invoke(DirectMethodHandleAccessor.java:104)
	at java.base/java.lang.reflect.Method.invoke(Method.java:565)
	at org.springframework.beans.factory.annotation.InitDestroyAnnotationBeanPostProcessor$LifecycleMethod.invoke(InitDestroyAnnotationBeanPostProcessor.java:457)
	at org.springframework.beans.factory.annotation.InitDestroyAnnotationBeanPostProcessor$LifecycleMetadata.invokeInitMethods(InitDestroyAnnotationBeanPostProcessor.java:401)
	at org.springframework.beans.factory.annotation.InitDestroyAnnotationBeanPostProcessor.postProcessBeforeInitialization(InitDestroyAnnotationBeanPostProcessor.java:219)
	... 20 common frames omitted
2025-10-20 21:53:09.004 INFO  [background-preinit] o.h.validator.internal.util.Version - HV000001: Hibernate Validator 8.0.3.Final
2025-10-20 21:53:09.040 INFO  [main] com.etikos.user.UserApplication - Starting UserApplication using Java 25 with PID 41508 (D:\ETIKOS\backend\microservices\user\target\classes started by lcres in D:\ETIKOS\backend\microservices)
2025-10-20 21:53:09.041 INFO  [main] com.etikos.user.UserApplication - No active profile set, falling back to 1 default profile: "default"
2025-10-20 21:53:10.747 INFO  [main] com.etikos.user.UserApplication - Started UserApplication in 2.329 seconds (process running for 3.31)
2025-10-20 21:53:28.595 INFO  [http-nio-8002-exec-4] c.e.user.controller.UserController - Login request received for email: lcresposarango@gmail.com
2025-10-20 21:53:28.595 INFO  [http-nio-8002-exec-4] c.e.user.services.UserProfileService - Login attempt for email: lcresposarango@gmail.com
2025-10-20 21:53:31.768 WARN  [http-nio-8002-exec-4] c.e.user.services.UserProfileService - Login failed: User not found with email: lcresposarango@gmail.com
2025-10-20 21:53:31.768 WARN  [http-nio-8002-exec-4] c.e.user.controller.UserController - Login failed for email: lcresposarango@gmail.com - Reason: USER_NOT_FOUND
2025-10-20 21:54:04.925 INFO  [http-nio-8002-exec-5] c.e.user.controller.UserController - Login request received for email: lcresposarango@gmail.com
2025-10-20 21:54:04.926 INFO  [http-nio-8002-exec-5] c.e.user.services.UserProfileService - Login attempt for email: lcresposarango@gmail.com
2025-10-20 21:54:05.154 WARN  [http-nio-8002-exec-5] c.e.user.services.UserProfileService - Login failed: User not found with email: lcresposarango@gmail.com
2025-10-20 21:54:05.155 WARN  [http-nio-8002-exec-5] c.e.user.controller.UserController - Login failed for email: lcresposarango@gmail.com - Reason: USER_NOT_FOUND
2025-10-20 21:55:46.363 INFO  [http-nio-8002-exec-7] c.e.user.controller.UserController - Registration request received for email: leonardo@example.com
2025-10-20 21:55:46.363 INFO  [http-nio-8002-exec-7] c.e.user.services.UserProfileService - Attempting to register new user with email: leonardo@example.com
2025-10-20 21:55:46.976 INFO  [http-nio-8002-exec-7] c.e.user.services.UserProfileService - User registered successfully: leonardo@example.com (3itilAKm9QTM11vrn1G9)
2025-10-20 21:55:58.118 INFO  [http-nio-8002-exec-9] c.e.user.controller.UserController - Login request received for email: lcresposarango@gmail.com
2025-10-20 21:55:58.118 INFO  [http-nio-8002-exec-9] c.e.user.services.UserProfileService - Login attempt for email: lcresposarango@gmail.com
2025-10-20 21:55:58.294 WARN  [http-nio-8002-exec-9] c.e.user.services.UserProfileService - Login failed: User not found with email: lcresposarango@gmail.com
2025-10-20 21:55:58.295 WARN  [http-nio-8002-exec-9] c.e.user.controller.UserController - Login failed for email: lcresposarango@gmail.com - Reason: USER_NOT_FOUND
2025-10-20 21:56:05.574 INFO  [http-nio-8002-exec-1] c.e.user.controller.UserController - Login request received for email: lcresposarango@gmail.com
2025-10-20 21:56:05.574 INFO  [http-nio-8002-exec-1] c.e.user.services.UserProfileService - Login attempt for email: lcresposarango@gmail.com
2025-10-20 21:56:05.754 WARN  [http-nio-8002-exec-1] c.e.user.services.UserProfileService - Login failed: User not found with email: lcresposarango@gmail.com
2025-10-20 21:56:05.754 WARN  [http-nio-8002-exec-1] c.e.user.controller.UserController - Login failed for email: lcresposarango@gmail.com - Reason: USER_NOT_FOUND
2025-10-20 21:56:22.856 INFO  [http-nio-8002-exec-3] c.e.user.controller.UserController - Login request received for email: leonardo@example.com
2025-10-20 21:56:22.857 INFO  [http-nio-8002-exec-3] c.e.user.services.UserProfileService - Login attempt for email: leonardo@example.com
2025-10-20 21:56:23.152 WARN  [http-nio-8002-exec-3] c.e.user.services.UserProfileService - Login failed: Invalid password for email: leonardo@example.com
2025-10-20 21:56:23.153 WARN  [http-nio-8002-exec-3] c.e.user.controller.UserController - Login failed for email: leonardo@example.com - Reason: INVALID_PASSWORD
2025-10-20 21:56:35.310 INFO  [http-nio-8002-exec-5] c.e.user.controller.UserController - Login request received for email: leonardo@example.com
2025-10-20 21:56:35.310 INFO  [http-nio-8002-exec-5] c.e.user.services.UserProfileService - Login attempt for email: leonardo@example.com
2025-10-20 21:56:35.629 INFO  [http-nio-8002-exec-5] c.e.user.services.UserProfileService - Login successful for user: leonardo@example.com (3itilAKm9QTM11vrn1G9)
2025-10-20 21:56:35.841 INFO  [http-nio-8002-exec-5] c.e.user.controller.UserController - Login successful for email: leonardo@example.com
2025-10-20 22:11:31.558 INFO  [background-preinit] o.h.validator.internal.util.Version - HV000001: Hibernate Validator 8.0.3.Final
2025-10-20 22:11:31.605 INFO  [main] com.etikos.user.UserApplication - Starting UserApplication using Java 25 with PID 21920 (D:\ETIKOS\backend\microservices\user\target\classes started by lcres in D:\ETIKOS\backend\microservices)
2025-10-20 22:11:31.606 INFO  [main] com.etikos.user.UserApplication - No active profile set, falling back to 1 default profile: "default"
2025-10-20 22:11:33.629 INFO  [main] com.etikos.user.UserApplication - Started UserApplication in 2.777 seconds (process running for 3.647)
2025-10-20 22:11:37.860 INFO  [http-nio-8002-exec-2] c.e.user.controller.UserController - Login request received for email: dfsdf@gmail.com
2025-10-20 22:11:37.860 INFO  [http-nio-8002-exec-2] c.e.user.services.UserProfileService - Login attempt for email: dfsdf@gmail.com
2025-10-20 22:11:40.297 WARN  [http-nio-8002-exec-2] c.e.user.services.UserProfileService - Login failed: User not found with email: dfsdf@gmail.com
2025-10-20 22:11:40.297 WARN  [http-nio-8002-exec-2] c.e.user.controller.UserController - Login failed for email: dfsdf@gmail.com - Reason: USER_NOT_FOUND
2025-10-20 22:12:16.560 INFO  [http-nio-8002-exec-8] c.e.user.controller.UserController - Login request received for email: leonardo@example.com
2025-10-20 22:12:16.560 INFO  [http-nio-8002-exec-8] c.e.user.services.UserProfileService - Login attempt for email: leonardo@example.com
2025-10-20 22:12:16.896 INFO  [http-nio-8002-exec-8] c.e.user.services.UserProfileService - Login successful for user: leonardo@example.com (3itilAKm9QTM11vrn1G9)
2025-10-20 22:12:17.239 INFO  [http-nio-8002-exec-8] c.e.user.controller.UserController - Login successful for email: leonardo@example.com
2025-10-20 22:12:25.506 INFO  [http-nio-8002-exec-6] c.e.user.controller.UserController - User logout: 3itilAKm9QTM11vrn1G9
2025-10-20 22:14:32.828 INFO  [http-nio-8002-exec-3] c.e.user.controller.UserController - Login request received for email: leonardo@example.com
2025-10-20 22:14:32.829 INFO  [http-nio-8002-exec-3] c.e.user.services.UserProfileService - Login attempt for email: leonardo@example.com
2025-10-20 22:14:33.093 INFO  [http-nio-8002-exec-3] c.e.user.services.UserProfileService - Login successful for user: leonardo@example.com (3itilAKm9QTM11vrn1G9)
2025-10-20 22:14:33.539 INFO  [http-nio-8002-exec-3] c.e.user.controller.UserController - Login successful for email: leonardo@example.com
2025-10-20 22:14:34.770 INFO  [http-nio-8002-exec-7] c.e.user.controller.UserController - User logout: 3itilAKm9QTM11vrn1G9
2025-10-20 22:22:35.764 INFO  [background-preinit] o.h.validator.internal.util.Version - HV000001: Hibernate Validator 8.0.3.Final
2025-10-20 22:22:35.920 INFO  [main] com.etikos.user.UserApplication - Starting UserApplication using Java 25 with PID 12132 (D:\ETIKOS\backend\microservices\user\target\classes started by lcres in D:\ETIKOS\backend\microservices)
2025-10-20 22:22:35.921 INFO  [main] com.etikos.user.UserApplication - No active profile set, falling back to 1 default profile: "default"
2025-10-20 22:22:39.152 INFO  [main] com.etikos.user.UserApplication - Started UserApplication in 4.51 seconds (process running for 5.495)
2025-10-20 22:32:15.438 INFO  [http-nio-8002-exec-1] c.e.user.controller.UserController - Login request received for email: leonardo@example.com
2025-10-20 22:32:15.439 INFO  [http-nio-8002-exec-1] c.e.user.services.UserProfileService - Login attempt for email: leonardo@example.com
2025-10-20 22:32:17.526 INFO  [http-nio-8002-exec-1] c.e.user.services.UserProfileService - Login successful for user: leonardo@example.com (3itilAKm9QTM11vrn1G9)
2025-10-20 22:32:17.749 INFO  [http-nio-8002-exec-1] c.e.user.controller.UserController - Login successful for email: leonardo@example.com
2025-10-20 22:32:38.368 INFO  [http-nio-8002-exec-2] c.e.user.controller.UserController - User logout: 3itilAKm9QTM11vrn1G9
2025-10-20 22:33:40.677 INFO  [http-nio-8002-exec-4] c.e.user.controller.UserController - Login request received for email: leonardo@example.com
2025-10-20 22:33:40.677 INFO  [http-nio-8002-exec-4] c.e.user.services.UserProfileService - Login attempt for email: leonardo@example.com
2025-10-20 22:33:40.914 INFO  [http-nio-8002-exec-4] c.e.user.services.UserProfileService - Login successful for user: leonardo@example.com (3itilAKm9QTM11vrn1G9)
2025-10-20 22:33:41.116 INFO  [http-nio-8002-exec-4] c.e.user.controller.UserController - Login successful for email: leonardo@example.com
2025-10-20 22:35:41.772 INFO  [http-nio-8002-exec-6] c.e.user.controller.UserController - User logout: 3itilAKm9QTM11vrn1G9
2025-10-20 22:35:47.535 INFO  [http-nio-8002-exec-7] c.e.user.controller.UserController - Login request received for email: leonardo@example.com
2025-10-20 22:35:47.535 INFO  [http-nio-8002-exec-7] c.e.user.services.UserProfileService - Login attempt for email: leonardo@example.com
2025-10-20 22:35:47.808 INFO  [http-nio-8002-exec-7] c.e.user.services.UserProfileService - Login successful for user: leonardo@example.com (3itilAKm9QTM11vrn1G9)
2025-10-20 22:35:47.989 INFO  [http-nio-8002-exec-7] c.e.user.controller.UserController - Login successful for email: leonardo@example.com
2025-10-20 22:36:43.693 INFO  [http-nio-8002-exec-9] c.e.user.controller.UserController - User logout: 3itilAKm9QTM11vrn1G9
2025-10-20 22:37:37.920 INFO  [http-nio-8002-exec-8] c.e.user.controller.UserController - Login request received for email: leonardo@example.com
2025-10-20 22:37:37.920 INFO  [http-nio-8002-exec-8] c.e.user.services.UserProfileService - Login attempt for email: leonardo@example.com
2025-10-20 22:37:38.165 INFO  [http-nio-8002-exec-8] c.e.user.services.UserProfileService - Login successful for user: leonardo@example.com (3itilAKm9QTM11vrn1G9)
2025-10-20 22:37:38.343 INFO  [http-nio-8002-exec-8] c.e.user.controller.UserController - Login successful for email: leonardo@example.com
2025-10-20 22:37:42.980 INFO  [http-nio-8002-exec-3] c.e.user.controller.UserController - Login request received for email: leonardo@example.com
2025-10-20 22:37:42.980 INFO  [http-nio-8002-exec-3] c.e.user.services.UserProfileService - Login attempt for email: leonardo@example.com
2025-10-20 22:37:43.205 INFO  [http-nio-8002-exec-3] c.e.user.services.UserProfileService - Login successful for user: leonardo@example.com (3itilAKm9QTM11vrn1G9)
2025-10-20 22:37:43.396 INFO  [http-nio-8002-exec-3] c.e.user.controller.UserController - Login successful for email: leonardo@example.com
2025-10-20 22:50:10.937 INFO  [background-preinit] o.h.validator.internal.util.Version - HV000001: Hibernate Validator 8.0.3.Final
2025-10-20 22:50:10.980 INFO  [main] com.etikos.user.UserApplication - Starting UserApplication using Java 25 with PID 14112 (D:\ETIKOS\backend\microservices\user\target\classes started by lcres in D:\ETIKOS\backend\microservices)
2025-10-20 22:50:10.981 INFO  [main] com.etikos.user.UserApplication - No active profile set, falling back to 1 default profile: "default"
2025-10-20 22:50:12.703 INFO  [main] com.etikos.user.UserApplication - Started UserApplication in 2.266 seconds (process running for 3.509)
2025-10-20 22:50:47.488 INFO  [http-nio-8002-exec-1] c.e.user.controller.UserController - Login request received for email: leonardo@example.com
2025-10-20 22:50:47.489 INFO  [http-nio-8002-exec-1] c.e.user.services.UserProfileService - Login attempt for email: leonardo@example.com
2025-10-20 22:50:50.625 INFO  [http-nio-8002-exec-1] c.e.user.services.UserProfileService - Login successful for user: leonardo@example.com (3itilAKm9QTM11vrn1G9)
2025-10-20 22:50:50.875 INFO  [http-nio-8002-exec-1] c.e.user.controller.UserController - Login successful for email: leonardo@example.com
2025-10-20 22:50:55.191 INFO  [http-nio-8002-exec-2] c.e.user.controller.UserController - User logout: 3itilAKm9QTM11vrn1G9
2025-10-20 22:54:07.275 INFO  [background-preinit] o.h.validator.internal.util.Version - HV000001: Hibernate Validator 8.0.3.Final
2025-10-20 22:54:07.317 INFO  [main] com.etikos.user.UserApplication - Starting UserApplication using Java 25 with PID 30860 (D:\ETIKOS\backend\microservices\user\target\classes started by lcres in D:\ETIKOS\backend\microservices)
2025-10-20 22:54:07.317 INFO  [main] com.etikos.user.UserApplication - No active profile set, falling back to 1 default profile: "default"
2025-10-20 22:54:09.280 INFO  [main] com.etikos.user.UserApplication - Started UserApplication in 2.512 seconds (process running for 3.216)
2025-10-20 22:56:17.742 INFO  [background-preinit] o.h.validator.internal.util.Version - HV000001: Hibernate Validator 8.0.3.Final
2025-10-20 22:56:17.787 INFO  [main] com.etikos.user.UserApplication - Starting UserApplication using Java 25 with PID 39932 (D:\ETIKOS\backend\microservices\user\target\classes started by lcres in D:\ETIKOS\backend\microservices)
2025-10-20 22:56:17.787 INFO  [main] com.etikos.user.UserApplication - No active profile set, falling back to 1 default profile: "default"
2025-10-20 22:56:20.444 INFO  [main] com.etikos.user.UserApplication - Started UserApplication in 3.295 seconds (process running for 4.175)
2025-10-20 22:57:59.293 INFO  [background-preinit] o.h.validator.internal.util.Version - HV000001: Hibernate Validator 8.0.3.Final
2025-10-20 22:57:59.331 INFO  [main] com.etikos.user.UserApplication - Starting UserApplication using Java 25 with PID 11544 (D:\ETIKOS\backend\microservices\user\target\classes started by lcres in D:\ETIKOS\backend\microservices)
2025-10-20 22:57:59.332 INFO  [main] com.etikos.user.UserApplication - No active profile set, falling back to 1 default profile: "default"
2025-10-20 22:58:01.280 INFO  [main] com.etikos.user.UserApplication - Started UserApplication in 2.586 seconds (process running for 3.265)
2025-10-20 23:04:25.771 INFO  [http-nio-8002-exec-2] c.e.user.controller.UserController - Login request received for email: leonardo@example.com
2025-10-20 23:04:25.779 INFO  [http-nio-8002-exec-2] c.e.user.services.UserProfileService - Login attempt for email: leonardo@example.com
2025-10-20 23:04:29.841 INFO  [http-nio-8002-exec-2] c.e.user.services.UserProfileService - Login successful for user: leonardo@example.com (3itilAKm9QTM11vrn1G9)
2025-10-20 23:04:30.082 INFO  [http-nio-8002-exec-2] c.e.user.controller.UserController - Login successful for email: leonardo@example.com
2025-10-20 23:08:17.589 INFO  [http-nio-8002-exec-4] c.e.user.controller.UserController - Login request received for email: leonardo@example.com
2025-10-20 23:08:17.590 INFO  [http-nio-8002-exec-4] c.e.user.services.UserProfileService - Login attempt for email: leonardo@example.com
2025-10-20 23:08:17.837 INFO  [http-nio-8002-exec-4] c.e.user.services.UserProfileService - Login successful for user: leonardo@example.com (3itilAKm9QTM11vrn1G9)
2025-10-20 23:08:18.025 INFO  [http-nio-8002-exec-4] c.e.user.controller.UserController - Login successful for email: leonardo@example.com
2025-10-20 23:10:35.715 INFO  [http-nio-8002-exec-7] c.e.user.controller.UserController - Login request received for email: leonardo@example.com
2025-10-20 23:10:35.715 INFO  [http-nio-8002-exec-7] c.e.user.services.UserProfileService - Login attempt for email: leonardo@example.com
2025-10-20 23:10:35.977 INFO  [http-nio-8002-exec-7] c.e.user.services.UserProfileService - Login successful for user: leonardo@example.com (3itilAKm9QTM11vrn1G9)
2025-10-20 23:10:36.162 INFO  [http-nio-8002-exec-7] c.e.user.controller.UserController - Login successful for email: leonardo@example.com
2025-10-20 23:14:46.455 INFO  [http-nio-8002-exec-9] c.e.user.controller.UserController - Login request received for email: leonardo@example.com
2025-10-20 23:14:46.457 INFO  [http-nio-8002-exec-9] c.e.user.services.UserProfileService - Login attempt for email: leonardo@example.com
2025-10-20 23:14:47.378 INFO  [http-nio-8002-exec-9] c.e.user.services.UserProfileService - Login successful for user: leonardo@example.com (3itilAKm9QTM11vrn1G9)
2025-10-20 23:14:47.647 INFO  [http-nio-8002-exec-9] c.e.user.controller.UserController - Login successful for email: leonardo@example.com
2025-10-20 23:15:40.944 INFO  [http-nio-8002-exec-2] c.e.user.controller.UserController - Login request received for email: leonardo@example.com
2025-10-20 23:15:40.945 INFO  [http-nio-8002-exec-2] c.e.user.services.UserProfileService - Login attempt for email: leonardo@example.com
2025-10-20 23:15:41.186 INFO  [http-nio-8002-exec-2] c.e.user.services.UserProfileService - Login successful for user: leonardo@example.com (3itilAKm9QTM11vrn1G9)
2025-10-20 23:15:41.563 INFO  [http-nio-8002-exec-2] c.e.user.controller.UserController - Login successful for email: leonardo@example.com
2025-10-20 23:19:17.528 INFO  [http-nio-8002-exec-4] c.e.user.controller.UserController - Login request received for email: leonardo@example.com
2025-10-20 23:19:17.530 INFO  [http-nio-8002-exec-4] c.e.user.services.UserProfileService - Login attempt for email: leonardo@example.com
2025-10-20 23:19:17.784 INFO  [http-nio-8002-exec-4] c.e.user.services.UserProfileService - Login successful for user: leonardo@example.com (3itilAKm9QTM11vrn1G9)
2025-10-20 23:19:18.156 INFO  [http-nio-8002-exec-4] c.e.user.controller.UserController - Login successful for email: leonardo@example.com
2025-10-20 23:33:19.893 INFO  [http-nio-8002-exec-7] c.e.user.controller.UserController - Login request received for email: leonardo@example.com
2025-10-20 23:33:19.897 INFO  [http-nio-8002-exec-7] c.e.user.services.UserProfileService - Login attempt for email: leonardo@example.com
2025-10-20 23:33:20.509 INFO  [http-nio-8002-exec-7] c.e.user.services.UserProfileService - Login successful for user: leonardo@example.com (3itilAKm9QTM11vrn1G9)
2025-10-20 23:33:20.712 INFO  [http-nio-8002-exec-7] c.e.user.controller.UserController - Login successful for email: leonardo@example.com
2025-10-20 23:34:31.713 INFO  [http-nio-8002-exec-2] c.e.user.controller.UserController - Login request received for email: leonardo@example.com
2025-10-20 23:34:31.713 INFO  [http-nio-8002-exec-2] c.e.user.services.UserProfileService - Login attempt for email: leonardo@example.com
2025-10-20 23:34:32.011 INFO  [http-nio-8002-exec-2] c.e.user.services.UserProfileService - Login successful for user: leonardo@example.com (3itilAKm9QTM11vrn1G9)
2025-10-20 23:34:32.217 INFO  [http-nio-8002-exec-2] c.e.user.controller.UserController - Login successful for email: leonardo@example.com
2025-10-20 23:44:19.849 INFO  [http-nio-8002-exec-3] c.e.user.controller.UserController - Login request received for email: leonardo@example.com
2025-10-20 23:44:19.852 INFO  [http-nio-8002-exec-3] c.e.user.services.UserProfileService - Login attempt for email: leonardo@example.com
2025-10-20 23:44:20.426 INFO  [http-nio-8002-exec-3] c.e.user.services.UserProfileService - Login successful for user: leonardo@example.com (3itilAKm9QTM11vrn1G9)
2025-10-20 23:44:20.627 INFO  [http-nio-8002-exec-3] c.e.user.controller.UserController - Login successful for email: leonardo@example.com
2025-10-20 23:48:10.921 INFO  [http-nio-8002-exec-5] c.e.user.controller.UserController - Login request received for email: leonardo@example.com
2025-10-20 23:48:10.923 INFO  [http-nio-8002-exec-5] c.e.user.services.UserProfileService - Login attempt for email: leonardo@example.com
2025-10-20 23:48:11.192 INFO  [http-nio-8002-exec-5] c.e.user.services.UserProfileService - Login successful for user: leonardo@example.com (3itilAKm9QTM11vrn1G9)
2025-10-20 23:48:11.436 INFO  [http-nio-8002-exec-5] c.e.user.controller.UserController - Login successful for email: leonardo@example.com
2025-10-20 23:52:00.252 INFO  [http-nio-8002-exec-7] c.e.user.controller.UserController - Login request received for email: leonardo@example.com
2025-10-20 23:52:00.254 INFO  [http-nio-8002-exec-7] c.e.user.services.UserProfileService - Login attempt for email: leonardo@example.com
2025-10-20 23:52:00.548 INFO  [http-nio-8002-exec-7] c.e.user.services.UserProfileService - Login successful for user: leonardo@example.com (3itilAKm9QTM11vrn1G9)
2025-10-20 23:52:00.721 INFO  [http-nio-8002-exec-7] c.e.user.controller.UserController - Login successful for email: leonardo@example.com
2025-10-20 23:52:55.724 INFO  [http-nio-8002-exec-9] c.e.user.controller.UserController - Login request received for email: leonardo@example.com
2025-10-20 23:52:55.725 INFO  [http-nio-8002-exec-9] c.e.user.services.UserProfileService - Login attempt for email: leonardo@example.com
2025-10-20 23:52:55.976 INFO  [http-nio-8002-exec-9] c.e.user.services.UserProfileService - Login successful for user: leonardo@example.com (3itilAKm9QTM11vrn1G9)
2025-10-20 23:52:56.145 INFO  [http-nio-8002-exec-9] c.e.user.controller.UserController - Login successful for email: leonardo@example.com
2025-10-20 23:53:33.757 INFO  [background-preinit] o.h.validator.internal.util.Version - HV000001: Hibernate Validator 8.0.3.Final
2025-10-20 23:53:33.809 INFO  [main] com.etikos.user.UserApplication - Starting UserApplication using Java 25 with PID 14048 (D:\ETIKOS\backend\microservices\user\target\classes started by lcres in D:\ETIKOS\backend\microservices)
2025-10-20 23:53:33.810 INFO  [main] com.etikos.user.UserApplication - No active profile set, falling back to 1 default profile: "default"
2025-10-20 23:53:35.652 INFO  [main] com.etikos.user.UserApplication - Started UserApplication in 2.46 seconds (process running for 3.177)
2025-10-20 23:53:58.796 INFO  [http-nio-8002-exec-3] c.e.user.controller.UserController - Login request received for email: leonardo@example.com
2025-10-20 23:53:58.796 INFO  [http-nio-8002-exec-3] c.e.user.services.UserProfileService - Login attempt for email: leonardo@example.com
2025-10-20 23:54:05.430 INFO  [http-nio-8002-exec-3] c.e.user.services.UserProfileService - Login successful for user: leonardo@example.com (3itilAKm9QTM11vrn1G9)
2025-10-20 23:54:05.687 INFO  [http-nio-8002-exec-3] c.e.user.controller.UserController - Login successful for email: leonardo@example.com
